--------------------------------------------------------------------------------------------------------------------------------
                                                                                                                                
LOG DA ATUALIZAÇÃO DOS DICIONÁRIOS
                                                                                                                                
--------------------------------------------------------------------------------------------------------------------------------
 
 Dados Ambiente
 --------------------
 Empresa / Filial...: 01/01
 Nome Empresa.......: Imprensa Oficial do Estado S/a - Im
 Nome Filial........: Imprensa Oficial - Matriz
 DataBase...........: 20/07/17
 Data / Hora Ínicio.: 20/07/17 / 16:35:24
 Environment........: TESTE
 StartPath..........: \system\
 RootPath...........: \\VMAPPLCTI0051\Protheus_data$
 Versão.............: TOTVS Série T Manufatura MSSQL Teste
 Usuário TOTVS .....:  
 Computer Name......: VMAPPLCTI0054
 
 Dados Thread
 --------------------
 Usuário da Rede....: EAlves
 Estação............: VMAPPLCTI0054
 Programa Inicial...: U_UPINTCCT
 Environment........: TESTE
 Conexão............: Thu Jul 20 16:33:46 2017
--------------------------------------------------------------------------------------------------------------------------------
 
--------------------------------------------------------------------------------------------------------------------------------
Empresa : 01/IMESP                                   

Ínicio da Atualização SX3

Criado campo A1_XLC2

Final da Atualização SX3
--------------------------------------------------------------------------------------------------------------------------------

--------------------------------------------------------------------------------------------------------------------------------
 Data / Hora Final.: 20/07/17 / 16:35:26
--------------------------------------------------------------------------------------------------------------------------------
